<?xml version="1.0" encoding="UTF-8"?>
<testsuite xmlns:xsi="http://www.w3.org/2001/XMLSchema-instance" xsi:noNamespaceSchemaLocation="https://maven.apache.org/surefire/maven-surefire-plugin/xsd/surefire-test-report-3.0.xsd" version="3.0" name="com.example.projetopratico.ProjetopraticoApplicationTests" time="9.086" tests="1" errors="0" skipped="0" failures="0">
  <properties>
[...]
</properties>
  <testcase name="contextLoads" classname="com.example.projetopratico.ProjetopraticoApplicationTests" time="1.918">
    <system-out><![CDATA[19:37:58.270 [main] INFO org.springframework.test.context.support.AnnotationConfigContextLoaderUtils -- Could not detect default configuration classes for test class [com.example.projetopratico.ProjetopraticoApplicationTests]: ProjetopraticoApplicationTests does not declare any static, non-private, non-final, nested classes annotated with @Configuration.
19:37:58.632 [main] INFO org.springframework.boot.test.context.SpringBootTestContextBootstrapper -- Found @SpringBootConfiguration com.example.projetopratico.ProjetopraticoApplication for test class com.example.projetopratico.ProjetopraticoApplicationTests

  .   ____          _            __ _ _
 /\\ / ___'_ __ _ _(_)_ __  __ _ \ \ \ \
( ( )\___ | '_ | '_| | '_ \/ _` | \ \ \ \
 \\/  ___)| |_)| | | | | || (_| |  ) ) ) )
  '  |____| .__|_| |_|_| |_\__, | / / / /
 =========|_|==============|___/=/_/_/_/
 :: Spring Boot ::                (v3.1.3)

2023-09-14T19:37:59.670-03:00  INFO 34834 --- [           main] c.e.p.ProjetopraticoApplicationTests     : Starting ProjetopraticoApplicationTests using Java 20.0.2 with PID 34834 (started by andressa in /home/andressa/Área de Trabalho/projetopratico)
2023-09-14T19:37:59.675-03:00  INFO 34834 --- [           main] c.e.p.ProjetopraticoApplicationTests     : No active profile set, falling back to 1 default profile: "default"
2023-09-14T19:38:01.110-03:00  INFO 34834 --- [           main] .s.d.r.c.RepositoryConfigurationDelegate : Bootstrapping Spring Data JPA repositories in DEFAULT mode.
2023-09-14T19:38:01.157-03:00  INFO 34834 --- [           main] .s.d.r.c.RepositoryConfigurationDelegate : Finished Spring Data repository scanning in 21 ms. Found 0 JPA repository interfaces.
2023-09-14T19:38:02.029-03:00  INFO 34834 --- [           main] com.zaxxer.hikari.HikariDataSource       : HikariPool-1 - Starting...
2023-09-14T19:38:02.362-03:00  INFO 34834 --- [           main] com.zaxxer.hikari.pool.HikariPool        : HikariPool-1 - Added connection conn0: url=jdbc:h2:mem:b014c888-33b2-47dc-946f-cc1795906adb user=SA
2023-09-14T19:38:02.365-03:00  INFO 34834 --- [           main] com.zaxxer.hikari.HikariDataSource       : HikariPool-1 - Start completed.
2023-09-14T19:38:02.467-03:00  INFO 34834 --- [           main] o.hibernate.jpa.internal.util.LogHelper  : HHH000204: Processing PersistenceUnitInfo [name: default]
2023-09-14T19:38:02.571-03:00  INFO 34834 --- [           main] org.hibernate.Version                    : HHH000412: Hibernate ORM core version 6.2.7.Final
2023-09-14T19:38:02.578-03:00  INFO 34834 --- [           main] org.hibernate.cfg.Environment            : HHH000406: Using bytecode reflection optimizer
2023-09-14T19:38:03.083-03:00  INFO 34834 --- [           main] o.h.b.i.BytecodeProviderInitiator        : HHH000021: Bytecode provider name : bytebuddy
2023-09-14T19:38:03.325-03:00  INFO 34834 --- [           main] o.s.o.j.p.SpringPersistenceUnitInfo      : No LoadTimeWeaver setup: ignoring JPA class transformer
2023-09-14T19:38:03.700-03:00  INFO 34834 --- [           main] o.h.b.i.BytecodeProviderInitiator        : HHH000021: Bytecode provider name : bytebuddy
2023-09-14T19:38:04.394-03:00  INFO 34834 --- [           main] o.h.e.t.j.p.i.JtaPlatformInitiator       : HHH000490: Using JtaPlatform implementation: [org.hibernate.engine.transaction.jta.platform.internal.NoJtaPlatform]
2023-09-14T19:38:04.414-03:00  INFO 34834 --- [           main] j.LocalContainerEntityManagerFactoryBean : Initialized JPA EntityManagerFactory for persistence unit 'default'
2023-09-14T19:38:04.908-03:00  INFO 34834 --- [           main] c.e.p.ProjetopraticoApplicationTests     : Started ProjetopraticoApplicationTests in 5.913 seconds (process running for 9.16)
]]></system-out>
  </testcase>
</testsuite>